android/app/build/intermediates/manifest_merge_blame_file/release/processReleaseMainManifest/manifest-merger-blame-release-report.txt
1<?xml version="1.0" encoding="utf-8"?>
2<manifest xmlns:android="http://schemas.android.com/apk/res/android"
3    package="com.mausam.app"
4    android:versionCode="2"
5    android:versionName="1.0.1" >
6
7    <uses-sdk
8        android:minSdkVersion="24"
9        android:targetSdkVersion="35" />
10
11    <!-- Permissions for Internet, Network, Location, and Emergency Features -->
12    <uses-permission android:name="android.permission.INTERNET" />
12-->src\main\AndroidManifest.xml:5:5-67
12-->src\main\AndroidManifest.xml:5:22-64
13    <uses-permission android:name="android.permission.ACCESS_NETWORK_STATE" />
13-->src\main\AndroidManifest.xml:6:5-79
13-->src\main\AndroidManifest.xml:6:22-76
14    <uses-permission android:name="android.permission.ACCESS_FINE_LOCATION" />
14-->src\main\AndroidManifest.xml:7:5-79
14-->src\main\AndroidManifest.xml:7:22-76
15    <uses-permission android:name="android.permission.ACCESS_COARSE_LOCATION" />
15-->src\main\AndroidManifest.xml:8:5-81
15-->src\main\AndroidManifest.xml:8:22-78
16    <uses-permission android:name="android.permission.VIBRATE" />
16-->src\main\AndroidManifest.xml:9:5-66
16-->src\main\AndroidManifest.xml:9:22-63
17    <uses-permission android:name="android.permission.WAKE_LOCK" />
17-->src\main\AndroidManifest.xml:10:5-68
17-->src\main\AndroidManifest.xml:10:22-65
18
19    <!-- Bluetooth LE Permissions for Android 12+ (API 31+) -->
20    <uses-permission
20-->src\main\AndroidManifest.xml:13:5-120
21        android:name="android.permission.BLUETOOTH_SCAN"
21-->src\main\AndroidManifest.xml:13:22-70
22        android:usesPermissionFlags="neverForLocation" />
22-->src\main\AndroidManifest.xml:13:71-117
23    <uses-permission android:name="android.permission.BLUETOOTH_ADVERTISE" />
23-->src\main\AndroidManifest.xml:14:5-78
23-->src\main\AndroidManifest.xml:14:22-75
24    <uses-permission android:name="android.permission.BLUETOOTH_CONNECT" />
24-->src\main\AndroidManifest.xml:15:5-76
24-->src\main\AndroidManifest.xml:15:22-73
25
26    <!-- Legacy Bluetooth Permissions for Android <= 11 -->
27    <uses-permission
27-->src\main\AndroidManifest.xml:18:5-95
28        android:name="android.permission.BLUETOOTH"
28-->src\main\AndroidManifest.xml:18:22-65
29        android:maxSdkVersion="30" />
29-->src\main\AndroidManifest.xml:18:66-92
30    <uses-permission
30-->src\main\AndroidManifest.xml:19:5-101
31        android:name="android.permission.BLUETOOTH_ADMIN"
31-->src\main\AndroidManifest.xml:19:22-71
32        android:maxSdkVersion="30" />
32-->src\main\AndroidManifest.xml:19:72-98
33
34    <!-- Hardware Sensor & Feature Declarations (Set to optional for maximum device compatibility) -->
35    <uses-feature
35-->src\main\AndroidManifest.xml:22:5-88
36        android:name="android.hardware.bluetooth"
36-->src\main\AndroidManifest.xml:22:19-60
37        android:required="false" />
37-->src\main\AndroidManifest.xml:22:61-85
38    <uses-feature
38-->src\main\AndroidManifest.xml:23:5-91
39        android:name="android.hardware.bluetooth_le"
39-->src\main\AndroidManifest.xml:23:19-63
40        android:required="false" />
40-->src\main\AndroidManifest.xml:23:64-88
41    <uses-feature
41-->src\main\AndroidManifest.xml:24:5-87
42        android:name="android.hardware.location"
42-->src\main\AndroidManifest.xml:24:19-59
43        android:required="false" />
43-->src\main\AndroidManifest.xml:24:60-84
44    <uses-feature
44-->src\main\AndroidManifest.xml:25:5-91
45        android:name="android.hardware.location.gps"
45-->src\main\AndroidManifest.xml:25:19-63
46        android:required="false" />
46-->src\main\AndroidManifest.xml:25:64-88
47    <uses-feature
47-->src\main\AndroidManifest.xml:26:5-95
48        android:name="android.hardware.location.network"
48-->src\main\AndroidManifest.xml:26:19-67
49        android:required="false" />
49-->src\main\AndroidManifest.xml:26:68-92
50    <uses-feature
50-->src\main\AndroidManifest.xml:27:5-83
51        android:name="android.hardware.wifi"
51-->src\main\AndroidManifest.xml:27:19-55
52        android:required="false" />
52-->src\main\AndroidManifest.xml:27:56-80
53    <uses-feature
53-->src\main\AndroidManifest.xml:28:5-90
54        android:name="android.hardware.touchscreen"
54-->src\main\AndroidManifest.xml:28:19-62
55        android:required="false" />
55-->src\main\AndroidManifest.xml:28:63-87
56    <uses-feature
56-->src\main\AndroidManifest.xml:29:5-95
57        android:name="android.hardware.sensor.barometer"
57-->src\main\AndroidManifest.xml:29:19-67
58        android:required="false" />
58-->src\main\AndroidManifest.xml:29:68-92
59    <uses-feature
59-->src\main\AndroidManifest.xml:30:5-93
60        android:name="android.hardware.sensor.compass"
60-->src\main\AndroidManifest.xml:30:19-65
61        android:required="false" />
61-->src\main\AndroidManifest.xml:30:66-90
62
63    <permission
63-->[androidx.core:core:1.17.0] AndroidManifest.xml:22:5-24:47
64        android:name="com.mausam.app.DYNAMIC_RECEIVER_NOT_EXPORTED_PERMISSION"
64-->[androidx.core:core:1.17.0] AndroidManifest.xml:23:9-81
65        android:protectionLevel="signature" />
65-->[androidx.core:core:1.17.0] AndroidManifest.xml:24:9-44
66
67    <uses-permission android:name="com.mausam.app.DYNAMIC_RECEIVER_NOT_EXPORTED_PERMISSION" />
67-->[androidx.core:core:1.17.0] AndroidManifest.xml:26:5-97
67-->[androidx.core:core:1.17.0] AndroidManifest.xml:26:22-94
68
69    <application
69-->src\main\AndroidManifest.xml:32:5-65:19
70        android:allowBackup="true"
70-->src\main\AndroidManifest.xml:33:9-35
71        android:appComponentFactory="androidx.core.app.CoreComponentFactory"
71-->[androidx.core:core:1.17.0] AndroidManifest.xml:28:18-86
72        android:extractNativeLibs="false"
73        android:icon="@mipmap/ic_launcher"
73-->src\main\AndroidManifest.xml:34:9-43
74        android:label="@string/app_name"
74-->src\main\AndroidManifest.xml:35:9-41
75        android:roundIcon="@mipmap/ic_launcher_round"
75-->src\main\AndroidManifest.xml:36:9-54
76        android:supportsRtl="true"
76-->src\main\AndroidManifest.xml:37:9-35
77        android:theme="@style/AppTheme"
77-->src\main\AndroidManifest.xml:39:9-40
78        android:usesCleartextTraffic="true" >
78-->src\main\AndroidManifest.xml:38:9-44
79        <activity
79-->src\main\AndroidManifest.xml:41:9-54:20
80            android:name="com.mausam.app.MainActivity"
80-->src\main\AndroidManifest.xml:43:13-41
81            android:configChanges="orientation|keyboardHidden|keyboard|screenSize|locale|smallestScreenSize|screenLayout|uiMode|navigation|density"
81-->src\main\AndroidManifest.xml:42:13-148
82            android:exported="true"
82-->src\main\AndroidManifest.xml:47:13-36
83            android:label="@string/title_activity_main"
83-->src\main\AndroidManifest.xml:44:13-56
84            android:launchMode="singleTask"
84-->src\main\AndroidManifest.xml:46:13-44
85            android:theme="@style/AppTheme.NoActionBarLaunch" >
85-->src\main\AndroidManifest.xml:45:13-62
86            <intent-filter>
86-->src\main\AndroidManifest.xml:49:13-52:29
87                <action android:name="android.intent.action.MAIN" />
87-->src\main\AndroidManifest.xml:50:17-69
87-->src\main\AndroidManifest.xml:50:25-66
88
89                <category android:name="android.intent.category.LAUNCHER" />
89-->src\main\AndroidManifest.xml:51:17-77
89-->src\main\AndroidManifest.xml:51:27-74
90            </intent-filter>
91        </activity>
92
93        <provider
94            android:name="androidx.core.content.FileProvider"
94-->src\main\AndroidManifest.xml:57:13-62
95            android:authorities="com.mausam.app.fileprovider"
95-->src\main\AndroidManifest.xml:58:13-64
96            android:exported="false"
96-->src\main\AndroidManifest.xml:59:13-37
97            android:grantUriPermissions="true" >
97-->src\main\AndroidManifest.xml:60:13-47
98            <meta-data
98-->src\main\AndroidManifest.xml:61:13-63:64
99                android:name="android.support.FILE_PROVIDER_PATHS"
99-->src\main\AndroidManifest.xml:62:17-67
100                android:resource="@xml/file_paths" />
100-->src\main\AndroidManifest.xml:63:17-51
101        </provider>
102        <provider
102-->[androidx.emoji2:emoji2:1.3.0] AndroidManifest.xml:24:9-32:20
103            android:name="androidx.startup.InitializationProvider"
103-->[androidx.emoji2:emoji2:1.3.0] AndroidManifest.xml:25:13-67
104            android:authorities="com.mausam.app.androidx-startup"
104-->[androidx.emoji2:emoji2:1.3.0] AndroidManifest.xml:26:13-68
105            android:exported="false" >
105-->[androidx.emoji2:emoji2:1.3.0] AndroidManifest.xml:27:13-37
106            <meta-data
106-->[androidx.emoji2:emoji2:1.3.0] AndroidManifest.xml:29:13-31:52
107                android:name="androidx.emoji2.text.EmojiCompatInitializer"
107-->[androidx.emoji2:emoji2:1.3.0] AndroidManifest.xml:30:17-75
108                android:value="androidx.startup" />
108-->[androidx.emoji2:emoji2:1.3.0] AndroidManifest.xml:31:17-49
109            <meta-data
109-->[androidx.lifecycle:lifecycle-process:2.6.2] AndroidManifest.xml:29:13-31:52
110                android:name="androidx.lifecycle.ProcessLifecycleInitializer"
110-->[androidx.lifecycle:lifecycle-process:2.6.2] AndroidManifest.xml:30:17-78
111                android:value="androidx.startup" />
111-->[androidx.lifecycle:lifecycle-process:2.6.2] AndroidManifest.xml:31:17-49
112            <meta-data
112-->[androidx.profileinstaller:profileinstaller:1.4.0] AndroidManifest.xml:29:13-31:52
113                android:name="androidx.profileinstaller.ProfileInstallerInitializer"
113-->[androidx.profileinstaller:profileinstaller:1.4.0] AndroidManifest.xml:30:17-85
114                android:value="androidx.startup" />
114-->[androidx.profileinstaller:profileinstaller:1.4.0] AndroidManifest.xml:31:17-49
115        </provider>
116
117        <receiver
117-->[androidx.profileinstaller:profileinstaller:1.4.0] AndroidManifest.xml:34:9-52:20
118            android:name="androidx.profileinstaller.ProfileInstallReceiver"
118-->[androidx.profileinstaller:profileinstaller:1.4.0] AndroidManifest.xml:35:13-76
119            android:directBootAware="false"
119-->[androidx.profileinstaller:profileinstaller:1.4.0] AndroidManifest.xml:36:13-44
120            android:enabled="true"
120-->[androidx.profileinstaller:profileinstaller:1.4.0] AndroidManifest.xml:37:13-35
121            android:exported="true"
121-->[androidx.profileinstaller:profileinstaller:1.4.0] AndroidManifest.xml:38:13-36
122            android:permission="android.permission.DUMP" >
122-->[androidx.profileinstaller:profileinstaller:1.4.0] AndroidManifest.xml:39:13-57
123            <intent-filter>
123-->[androidx.profileinstaller:profileinstaller:1.4.0] AndroidManifest.xml:40:13-42:29
124                <action android:name="androidx.profileinstaller.action.INSTALL_PROFILE" />
124-->[androidx.profileinstaller:profileinstaller:1.4.0] AndroidManifest.xml:41:17-91
124-->[androidx.profileinstaller:profileinstaller:1.4.0] AndroidManifest.xml:41:25-88
125            </intent-filter>
126            <intent-filter>
126-->[androidx.profileinstaller:profileinstaller:1.4.0] AndroidManifest.xml:43:13-45:29
127                <action android:name="androidx.profileinstaller.action.SKIP_FILE" />
127-->[androidx.profileinstaller:profileinstaller:1.4.0] AndroidManifest.xml:44:17-85
127-->[androidx.profileinstaller:profileinstaller:1.4.0] AndroidManifest.xml:44:25-82
128            </intent-filter>
129            <intent-filter>
129-->[androidx.profileinstaller:profileinstaller:1.4.0] AndroidManifest.xml:46:13-48:29
130                <action android:name="androidx.profileinstaller.action.SAVE_PROFILE" />
130-->[androidx.profileinstaller:profileinstaller:1.4.0] AndroidManifest.xml:47:17-88
130-->[androidx.profileinstaller:profileinstaller:1.4.0] AndroidManifest.xml:47:25-85
131            </intent-filter>
132            <intent-filter>
132-->[androidx.profileinstaller:profileinstaller:1.4.0] AndroidManifest.xml:49:13-51:29
133                <action android:name="androidx.profileinstaller.action.BENCHMARK_OPERATION" />
133-->[androidx.profileinstaller:profileinstaller:1.4.0] AndroidManifest.xml:50:17-95
133-->[androidx.profileinstaller:profileinstaller:1.4.0] AndroidManifest.xml:50:25-92
134            </intent-filter>
135        </receiver>
136    </application>
137
138</manifest>